2024-07-26 21:15:52,baseAPI(line:83),INFO|业务模块名:Login,接口名:login,
    请求的url:http://42.192.62.8:8082/account/sLogin/,
    请求的方法:POST,
    请求体数据:username=ct0909&password=00dee9ea36ffa3d24717b0adfb362ae6,
    响应数据:{'code': 20000, 'data': {'token': 'eyJ0eXAiOiJKV1QiLCJhbGciOiJIUzI1NiJ9.eyJleHAiOjE3MjIwMDMzNTgsInVzZXJJZCI6MTY0MTMsInVzZXJuYW1lIjoiY3QwOTA5In0.H3quG3dBpGKF_4ed2CUjzQWakPLKD1NWCPl5Le0IQCk'}, 'flag': '松勤教育', 'msg': '成功', 'success': False},
    响应状态码:200

2024-07-26 21:15:52,baseAPI(line:83),INFO|业务模块名:UpdatePwd,接口名:update,
    请求的url:http://42.192.62.8:8082/account/updatePwd/,
    请求的方法:POST,
    请求体数据:oldPassword=00dee9ea36ffa3d24717b0adfb362ae6&password=00dee9ea36ffa3d24717b0adfb362ae6&rePassword=00dee9ea36ffa3d24717b0adfb362ae6,
    响应数据:{'code': 20000, 'data': '', 'flag': '松勤教育', 'msg': '成功', 'success': False},
    响应状态码:200

2024-07-26 21:15:52,apiAssert(line:54),INFO|修改密码接口:断言类型:==,断言结果是:True,预期的结果:20000,实际的结果:20000
2024-07-26 21:15:52,baseAPI(line:83),INFO|业务模块名:UpdatePwd,接口名:update,
    请求的url:http://42.192.62.8:8082/account/updatePwd/,
    请求的方法:POST,
    请求体数据:oldPassword=2467d3744600858cc9026d5ac6005305&password=e10adc3949ba59abbe56e057f20f883e&rePassword=e10adc3949ba59abbe56e057f20f883e,
    响应数据:{'code': 9999, 'data': '', 'flag': '松勤教育', 'msg': '旧密码输入错误', 'success': False},
    响应状态码:200

2024-07-26 21:15:52,apiAssert(line:54),INFO|修改密码接口:断言类型:==,断言结果是:True,预期的结果:9999,实际的结果:9999
2024-07-26 21:15:53,baseAPI(line:83),INFO|业务模块名:UpdatePwd,接口名:update,
    请求的url:http://42.192.62.8:8082/account/updatePwd/,
    请求的方法:POST,
    请求体数据:oldPassword=f3a493fb0b6dc6357b9d89d6bdc1f2af&password=e10adc3949ba59abbe56e057f20f883e&rePassword=e35cf7b66449df565f93c607d5a81d09,
    响应数据:{'code': 9999, 'data': '', 'flag': '松勤教育', 'msg': '旧密码输入错误', 'success': False},
    响应状态码:200

2024-07-26 21:15:53,apiAssert(line:54),INFO|修改密码接口:断言类型:==,断言结果是:True,预期的结果:9999,实际的结果:9999
2024-07-26 21:15:53,baseAPI(line:83),INFO|业务模块名:UpdatePwd,接口名:logout,
    请求的url:http://42.192.62.8:8082/account/logout/,
    请求的方法:POST,
    请求体数据:None,
    响应数据:{'code': 20000, 'data': '', 'flag': '松勤教育', 'msg': '成功', 'success': False},
    响应状态码:200

2024-07-26 21:15:53,apiAssert(line:54),INFO|退出登录接口:断言类型:==,断言结果是:True,预期的结果:20000,实际的结果:20000
