2024-07-19 10:15:13,baseAPI(line:85),INFO|业务模块名:Login,接口名:login,
    请求的url:http://42.192.62.8:8082/account/sLogin/,
    请求的方法:POST,
    请求体数据:username=ct0909&password=00dee9ea36ffa3d24717b0adfb362ae6,
    响应数据:{'code': 20000, 'data': {'token': 'eyJ0eXAiOiJKV1QiLCJhbGciOiJIUzI1NiJ9.eyJleHAiOjE3MjEzNTg5MTYsInVzZXJJZCI6MTY0MTMsInVzZXJuYW1lIjoiY3QwOTA5In0.ATFmZoY8B7GV10aScdEs9k9LX4QSOyJ-UyKyKNF8S0Y'}, 'flag': '松勤教育', 'msg': '成功', 'success': False},
    响应状态码:200

2024-07-19 10:15:13,baseAPI(line:85),INFO|业务模块名:MyOrder,接口名:query,
    请求的url:http://42.192.62.8:8082/bos/myOrders/?page=1&limit=1,
    请求的方法:GET,
    请求体数据:None,
    响应数据:{'code': 20000, 'data': {'current': 1, 'pages': 0, 'records': [], 'size': 1, 'sort': '', 'total': 0}, 'flag': '松勤教育', 'msg': '成功', 'success': False},
    响应状态码:200

2024-07-19 10:15:13,apiAssert(line:54),INFO|订单搜索接口:断言类型:==,断言结果是:True,预期的结果:20000,实际的结果:20000
2024-07-19 10:15:14,baseAPI(line:85),INFO|业务模块名:MyOrder,接口名:query,
    请求的url:http://42.192.62.8:8082/bos/myOrders/?page=&limit=1,
    请求的方法:GET,
    请求体数据:None,
    响应数据:{'code': 20000, 'data': {'current': 1, 'pages': 0, 'records': [], 'size': 1, 'sort': '', 'total': 0}, 'flag': '松勤教育', 'msg': '成功', 'success': False},
    响应状态码:200

2024-07-19 10:15:14,apiAssert(line:54),INFO|订单搜索接口:断言类型:==,断言结果是:True,预期的结果:20000,实际的结果:20000
2024-07-19 10:15:15,baseAPI(line:85),INFO|业务模块名:MyOrder,接口名:query,
    请求的url:http://42.192.62.8:8082/bos/myOrders/?page=0&limit=1,
    请求的方法:GET,
    请求体数据:None,
    响应数据:{'code': 20000, 'data': {'current': 1, 'pages': 0, 'records': [], 'size': 1, 'sort': '', 'total': 0}, 'flag': '松勤教育', 'msg': '成功', 'success': False},
    响应状态码:200

2024-07-19 10:15:15,apiAssert(line:54),INFO|订单搜索接口:断言类型:==,断言结果是:True,预期的结果:20000,实际的结果:20000
2024-07-19 10:15:15,baseAPI(line:85),INFO|业务模块名:MyOrder,接口名:query,
    请求的url:http://42.192.62.8:8082/bos/myOrders/?page=-1&limit=1,
    请求的方法:GET,
    请求体数据:None,
    响应数据:{'code': 20000, 'data': {'current': 1, 'pages': 0, 'records': [], 'size': 1, 'sort': '', 'total': 0}, 'flag': '松勤教育', 'msg': '成功', 'success': False},
    响应状态码:200

2024-07-19 10:15:15,apiAssert(line:54),INFO|订单搜索接口:断言类型:==,断言结果是:True,预期的结果:20000,实际的结果:20000
2024-07-19 10:15:15,baseAPI(line:85),INFO|业务模块名:MyOrder,接口名:query,
    请求的url:http://42.192.62.8:8082/bos/myOrders/?page=1&limit=,
    请求的方法:GET,
    请求体数据:None,
    响应数据:{'timestamp': '2024-07-19 10:15:19', 'status': 500, 'error': 'Internal Server Error', 'message': 'For input string: ""', 'path': '/bos/myOrders/'},
    响应状态码:500

2024-07-19 10:15:15,apiAssert(line:54),INFO|订单搜索接口:断言类型:==,断言结果是:True,预期的结果:Internal Server Error,实际的结果:Internal Server Error
2024-07-19 10:15:16,baseAPI(line:85),INFO|业务模块名:MyOrder,接口名:query,
    请求的url:http://42.192.62.8:8082/bos/myOrders/?page=1&limit=0,
    请求的方法:GET,
    请求体数据:None,
    响应数据:{'timestamp': '2024-07-19 10:15:20', 'status': 500, 'error': 'Internal Server Error', 'message': 'No message available', 'path': '/bos/myOrders/'},
    响应状态码:500

2024-07-19 10:15:16,apiAssert(line:54),INFO|订单搜索接口:断言类型:==,断言结果是:True,预期的结果:Internal Server Error,实际的结果:Internal Server Error
2024-07-19 10:15:16,baseAPI(line:85),INFO|业务模块名:MyOrder,接口名:query,
    请求的url:http://42.192.62.8:8082/bos/myOrders/?page=1&limit=-1,
    请求的方法:GET,
    请求体数据:None,
    响应数据:{'timestamp': '2024-07-19 10:15:20', 'status': 500, 'error': 'Internal Server Error', 'message': 'Page size must not be less than one!; nested exception is java.lang.IllegalArgumentException: Page size must not be less than one!', 'path': '/bos/myOrders/'},
    响应状态码:500

2024-07-19 10:15:16,apiAssert(line:54),INFO|订单搜索接口:断言类型:==,断言结果是:True,预期的结果:Internal Server Error,实际的结果:Internal Server Error
2024-07-19 10:15:16,baseAPI(line:85),INFO|业务模块名:MyOrder,接口名:query,
    请求的url:http://42.192.62.8:8082/bos/myOrders/?page=1&limit=20&id=9555,
    请求的方法:GET,
    请求体数据:None,
    响应数据:{'code': 20000, 'data': {'current': 1, 'pages': 0, 'records': [], 'size': 20, 'sort': '', 'total': 0}, 'flag': '松勤教育', 'msg': '成功', 'success': False},
    响应状态码:200

2024-07-19 10:15:16,apiAssert(line:54),INFO|订单搜索接口:断言类型:==,断言结果是:True,预期的结果:20000,实际的结果:20000
