2024-07-18 23:20:57,baseAPI(line:82),INFO|业务模块名:Login,接口名:login,
    请求的url:http://42.192.62.8:8082/account/sLogin/,
    请求的方法:POST,
    请求体数据:username=ct0909&password=00dee9ea36ffa3d24717b0adfb362ae6,
    响应数据:{'code': 20000, 'data': {'token': 'eyJ0eXAiOiJKV1QiLCJhbGciOiJIUzI1NiJ9.eyJleHAiOjE3MjEzMTk2NjAsInVzZXJJZCI6MTY0MTMsInVzZXJuYW1lIjoiY3QwOTA5In0.k9Dq10kSm-CvhbM7rsomPAHCFG8_H8LiTSjZCH_sOVk'}, 'flag': '松勤教育', 'msg': '成功', 'success': False},
    响应状态码:200

2024-07-18 23:20:57,apiAssert(line:50),INFO|登录接口断言:断言类型:==,断言结果是:True,预期的结果:成功,实际的结果:成功
2024-07-18 23:20:57,baseAPI(line:82),INFO|业务模块名:Login,接口名:login,
    请求的url:http://42.192.62.8:8082/account/sLogin/,
    请求的方法:POST,
    请求体数据:username=th0198&password=d41d8cd98f00b204e9800998ecf8427e,
    响应数据:{'code': 9999, 'data': '', 'flag': '松勤教育', 'msg': '输入的密码错误!', 'success': False},
    响应状态码:200

2024-07-18 23:20:57,apiAssert(line:50),INFO|登录接口断言:断言类型:==,断言结果是:True,预期的结果:输入的密码错误!,实际的结果:输入的密码错误!
2024-07-18 23:20:57,baseAPI(line:82),INFO|业务模块名:Login,接口名:login,
    请求的url:http://42.192.62.8:8082/account/sLogin/,
    请求的方法:POST,
    请求体数据:username=&password=c607d58e3618832f937d80d500a6046c,
    响应数据:{'code': 9999, 'data': '', 'flag': '松勤教育', 'msg': '该用户不存在!', 'success': False},
    响应状态码:200

2024-07-18 23:20:57,apiAssert(line:50),INFO|登录接口断言:断言类型:==,断言结果是:True,预期的结果:该用户不存在!,实际的结果:该用户不存在!
2024-07-18 23:20:57,baseAPI(line:82),INFO|业务模块名:Login,接口名:login,
    请求的url:http://42.192.62.8:8082/account/sLogin/,
    请求的方法:POST,
    请求体数据:username=&password=d41d8cd98f00b204e9800998ecf8427e,
    响应数据:{'code': 9999, 'data': '', 'flag': '松勤教育', 'msg': '该用户不存在!', 'success': False},
    响应状态码:200

2024-07-18 23:20:57,apiAssert(line:50),INFO|登录接口断言:断言类型:==,断言结果是:True,预期的结果:该用户不存在!,实际的结果:该用户不存在!
2024-07-18 23:20:58,baseAPI(line:82),INFO|业务模块名:Login,接口名:login,
    请求的url:http://42.192.62.8:8082/account/sLogin/,
    请求的方法:POST,
    请求体数据:username=th0198&password=68053af2923e00204c3ca7c6a3150cf7,
    响应数据:{'code': 9999, 'data': '', 'flag': '松勤教育', 'msg': '输入的密码错误!', 'success': False},
    响应状态码:200

2024-07-18 23:20:58,apiAssert(line:50),INFO|登录接口断言:断言类型:==,断言结果是:True,预期的结果:输入的密码错误!,实际的结果:输入的密码错误!
2024-07-18 23:20:58,baseAPI(line:82),INFO|业务模块名:Login,接口名:login,
    请求的url:http://42.192.62.8:8082/account/sLogin/,
    请求的方法:POST,
    请求体数据:username=abcde&password=c607d58e3618832f937d80d500a6046c,
    响应数据:{'code': 9999, 'data': '', 'flag': '松勤教育', 'msg': '该用户不存在!', 'success': False},
    响应状态码:200

2024-07-18 23:20:58,apiAssert(line:50),INFO|登录接口断言:断言类型:==,断言结果是:True,预期的结果:该用户不存在!,实际的结果:该用户不存在!
