2024-07-19 10:49:41,baseAPI(line:85),INFO|业务模块名:Login,接口名:login,
    请求的url:http://42.192.62.8:8082/account/sLogin/,
    请求的方法:POST,
    请求体数据:username=ct0909&password=00dee9ea36ffa3d24717b0adfb362ae6,
    响应数据:{'code': 20000, 'data': {'token': 'eyJ0eXAiOiJKV1QiLCJhbGciOiJIUzI1NiJ9.eyJleHAiOjE3MjEzNjA5ODUsInVzZXJJZCI6MTY0MTMsInVzZXJuYW1lIjoiY3QwOTA5In0.Rt-rVEFAeu0aRPOSurQFF0b5y-bKmj3Qfxms3KnlzPk'}, 'flag': '松勤教育', 'msg': '成功', 'success': False},
    响应状态码:200

2024-07-19 10:49:41,baseAPI(line:85),INFO|业务模块名:UpdatePwd,接口名:update,
    请求的url:http://42.192.62.8:8082/account/updatePwd/,
    请求的方法:POST,
    请求体数据:oldPassword=b0baee9d279d34fa1dfd71aadb908c3f&password=f3a493fb0b6dc6357b9d89d6bdc1f2af&rePassword=f3a493fb0b6dc6357b9d89d6bdc1f2af,
    响应数据:{'code': 9999, 'data': '', 'flag': '松勤教育', 'msg': '旧密码输入错误', 'success': False},
    响应状态码:200

2024-07-19 10:49:41,apiAssert(line:56),ERROR|Traceback (most recent call last):
  File "D:\Program Files\Delivery_System-master\common\apiAssert.py", line 47, in api_assert
    assert assert_type[condition]
AssertionError

2024-07-19 10:49:41,baseAPI(line:85),INFO|业务模块名:UpdatePwd,接口名:update,
    请求的url:http://42.192.62.8:8082/account/updatePwd/,
    请求的方法:POST,
    请求体数据:oldPassword=2467d3744600858cc9026d5ac6005305&password=e10adc3949ba59abbe56e057f20f883e&rePassword=e10adc3949ba59abbe56e057f20f883e,
    响应数据:{'code': 9999, 'data': '', 'flag': '松勤教育', 'msg': '旧密码输入错误', 'success': False},
    响应状态码:200

2024-07-19 10:49:41,apiAssert(line:54),INFO|修改密码接口:断言类型:==,断言结果是:True,预期的结果:9999,实际的结果:9999
2024-07-19 10:49:42,baseAPI(line:85),INFO|业务模块名:UpdatePwd,接口名:update,
    请求的url:http://42.192.62.8:8082/account/updatePwd/,
    请求的方法:POST,
    请求体数据:oldPassword=f3a493fb0b6dc6357b9d89d6bdc1f2af&password=e10adc3949ba59abbe56e057f20f883e&rePassword=e35cf7b66449df565f93c607d5a81d09,
    响应数据:{'code': 9999, 'data': '', 'flag': '松勤教育', 'msg': '旧密码输入错误', 'success': False},
    响应状态码:200

2024-07-19 10:49:42,apiAssert(line:54),INFO|修改密码接口:断言类型:==,断言结果是:True,预期的结果:9999,实际的结果:9999
2024-07-19 10:49:42,baseAPI(line:85),INFO|业务模块名:UpdatePwd,接口名:logout,
    请求的url:http://42.192.62.8:8082/account/logout/,
    请求的方法:POST,
    请求体数据:None,
    响应数据:{'code': 20000, 'data': '', 'flag': '松勤教育', 'msg': '成功', 'success': False},
    响应状态码:200

2024-07-19 10:49:42,apiAssert(line:54),INFO|退出登录接口:断言类型:==,断言结果是:True,预期的结果:20000,实际的结果:20000
