2024-07-26 19:46:42,baseAPI(line:83),INFO|业务模块名:Login,接口名:login,
    请求的url:http://42.192.62.8:8082/account/sLogin/,
    请求的方法:POST,
    请求体数据:username=ct0909&password=00dee9ea36ffa3d24717b0adfb362ae6,
    响应数据:{'code': 20000, 'data': {'token': 'eyJ0eXAiOiJKV1QiLCJhbGciOiJIUzI1NiJ9.eyJleHAiOjE3MjE5OTgwMDgsInVzZXJJZCI6MTY0MTMsInVzZXJuYW1lIjoiY3QwOTA5In0.RnkFcX4IZVWr4IvBagHvu92RkAD1nM6GSpRiOprmxZc'}, 'flag': '松勤教育', 'msg': '成功', 'success': False},
    响应状态码:200

2024-07-26 19:46:42,baseAPI(line:83),INFO|业务模块名:Shop,接口名:query,
    请求的url:http://42.192.62.8:8082/shopping/myShop/?page=1&limit=20,
    请求的方法:GET,
    请求体数据:None,
    响应数据:{'code': 20000, 'data': {'current': 1, 'pages': 1, 'records': [{'_id': '63db1743b202a8000148b0de', 'activities': [{'icon_name': '减', 'name': '满减优惠', 'description': '满30减5，满60减8', 'icon_color': 'f07373', 'id': 0}], 'address': '上海市静安区秣陵路303号', 'category': '快餐便当/简餐', 'delivery_mode': {'id': 1, 'text': '蜂鸟专送', 'is_solid': True, 'color': '57A9FF'}, 'description': '满30减5，满60减8', 'distance': '', 'float_delivery_fee': '5', 'float_minimum_order_amount': '20', 'id': '15169', 'identification': {'identificate_agency': '', 'licenses_number': '', 'company_name': '', 'registered_address': '', 'licenses_scope': '', 'registered_number': '', 'legal_person': '', 'licenses_date': '', 'operation_period': '', 'identificate_date': ''}, 'image_path': '932b8ee4-3aa9-47f8-86fb-83f05f4dcb67.png', 'is_new': True, 'is_premium': 'true', 'latitude': 31.22114, 'license': {}, 'location': [121.54409, 31.22114], 'longitude': 121.54409, 'name': '星巴克新建店', 'opening_hours': ['08:30/20:30'], 'order_lead_time': '30分钟', 'phone': '13176876632', 'piecewise_agent_fee': {'tips': '配送费约￥5'}, 'promotion_info': '', 'rating': 6.0, 'rating_count': 200, 'recent_order_num': 100, 'status': 1, 'supports': [{'name': '外卖保', 'description': '已加入“外卖保”计划，食品安全有保障', 'id': 7, 'icon_color': '999999', 'icon_name': '保'}, {'name': '准时达', 'description': '准时必达，超时秒赔', 'id': 9, 'icon_color': '57A9FF', 'icon_name': '准'}, {'name': '开发票', 'description': '该商家支持开发票，请在下单时填写好发票抬头', 'id': 4, 'icon_color': '999999', 'icon_name': '票'}]}], 'size': 20, 'sort': '', 'total': 1}, 'flag': '松勤教育', 'msg': '成功', 'success': False},
    响应状态码:200

2024-07-26 19:46:43,baseAPI(line:83),INFO|业务模块名:Food,接口名:addcategory,
    请求的url:http://42.192.62.8:8082/shopping/addcategory/,
    请求的方法:POST,
    请求体数据:restaurant_id=12679,
    响应数据:{'code': 20000, 'data': '', 'flag': '松勤教育', 'msg': '成功', 'success': False},
    响应状态码:200

2024-07-26 19:46:43,apiAssert(line:54),INFO|添加食品种类接口:断言类型:==,断言结果是:True,预期的结果:20000,实际的结果:20000
2024-07-26 19:46:43,baseAPI(line:83),INFO|业务模块名:Shop,接口名:query,
    请求的url:http://42.192.62.8:8082/shopping/myShop/?page=1&limit=20,
    请求的方法:GET,
    请求体数据:None,
    响应数据:{'code': 20000, 'data': {'current': 1, 'pages': 1, 'records': [{'_id': '63db1743b202a8000148b0de', 'activities': [{'icon_name': '减', 'name': '满减优惠', 'description': '满30减5，满60减8', 'icon_color': 'f07373', 'id': 0}], 'address': '上海市静安区秣陵路303号', 'category': '快餐便当/简餐', 'delivery_mode': {'id': 1, 'text': '蜂鸟专送', 'is_solid': True, 'color': '57A9FF'}, 'description': '满30减5，满60减8', 'distance': '', 'float_delivery_fee': '5', 'float_minimum_order_amount': '20', 'id': '15169', 'identification': {'identificate_agency': '', 'licenses_number': '', 'company_name': '', 'registered_address': '', 'licenses_scope': '', 'registered_number': '', 'legal_person': '', 'licenses_date': '', 'operation_period': '', 'identificate_date': ''}, 'image_path': '932b8ee4-3aa9-47f8-86fb-83f05f4dcb67.png', 'is_new': True, 'is_premium': 'true', 'latitude': 31.22114, 'license': {}, 'location': [121.54409, 31.22114], 'longitude': 121.54409, 'name': '星巴克新建店', 'opening_hours': ['08:30/20:30'], 'order_lead_time': '30分钟', 'phone': '13176876632', 'piecewise_agent_fee': {'tips': '配送费约￥5'}, 'promotion_info': '', 'rating': 6.0, 'rating_count': 200, 'recent_order_num': 100, 'status': 1, 'supports': [{'name': '外卖保', 'description': '已加入“外卖保”计划，食品安全有保障', 'id': 7, 'icon_color': '999999', 'icon_name': '保'}, {'name': '准时达', 'description': '准时必达，超时秒赔', 'id': 9, 'icon_color': '57A9FF', 'icon_name': '准'}, {'name': '开发票', 'description': '该商家支持开发票，请在下单时填写好发票抬头', 'id': 4, 'icon_color': '999999', 'icon_name': '票'}]}], 'size': 20, 'sort': '', 'total': 1}, 'flag': '松勤教育', 'msg': '成功', 'success': False},
    响应状态码:200

2024-07-26 19:46:43,baseAPI(line:83),INFO|业务模块名:Food,接口名:addcategory,
    请求的url:http://42.192.62.8:8082/shopping/addcategory/,
    请求的方法:POST,
    请求体数据:restaurant_id=9292929299292929999999,
    响应数据:{'timestamp': '2024-07-26 19:46:49', 'status': 400, 'error': 'Bad Request', 'errors': [{'arguments': [{'arguments': '', 'code': 'restaurant_id', 'codes': ['menu.restaurant_id', 'restaurant_id'], 'defaultMessage': 'restaurant_id'}], 'bindingFailure': True, 'code': 'typeMismatch', 'codes': ['typeMismatch.menu.restaurant_id', 'typeMismatch.restaurant_id', 'typeMismatch.java.lang.Long', 'typeMismatch'], 'defaultMessage': 'Failed to convert property value of type \'java.lang.String\' to required type \'java.lang.Long\' for property \'restaurant_id\'; nested exception is java.lang.NumberFormatException: For input string: "9292929299292929999999"', 'field': 'restaurant_id', 'objectName': 'menu', 'rejectedValue': '9292929299292929999999'}], 'message': "Validation failed for object='menu'. Error count: 1", 'path': '/shopping/addcategory/'},
    响应状态码:400

2024-07-26 19:46:43,apiAssert(line:54),INFO|添加食品种类接口:断言类型:==,断言结果是:True,预期的结果:Bad Request,实际的结果:Bad Request
2024-07-26 19:46:43,baseAPI(line:83),INFO|业务模块名:Shop,接口名:query,
    请求的url:http://42.192.62.8:8082/shopping/myShop/?page=1&limit=20,
    请求的方法:GET,
    请求体数据:None,
    响应数据:{'code': 20000, 'data': {'current': 1, 'pages': 1, 'records': [{'_id': '63db1743b202a8000148b0de', 'activities': [{'icon_name': '减', 'name': '满减优惠', 'description': '满30减5，满60减8', 'icon_color': 'f07373', 'id': 0}], 'address': '上海市静安区秣陵路303号', 'category': '快餐便当/简餐', 'delivery_mode': {'id': 1, 'text': '蜂鸟专送', 'is_solid': True, 'color': '57A9FF'}, 'description': '满30减5，满60减8', 'distance': '', 'float_delivery_fee': '5', 'float_minimum_order_amount': '20', 'id': '15169', 'identification': {'identificate_agency': '', 'licenses_number': '', 'company_name': '', 'registered_address': '', 'licenses_scope': '', 'registered_number': '', 'legal_person': '', 'licenses_date': '', 'operation_period': '', 'identificate_date': ''}, 'image_path': '932b8ee4-3aa9-47f8-86fb-83f05f4dcb67.png', 'is_new': True, 'is_premium': 'true', 'latitude': 31.22114, 'license': {}, 'location': [121.54409, 31.22114], 'longitude': 121.54409, 'name': '星巴克新建店', 'opening_hours': ['08:30/20:30'], 'order_lead_time': '30分钟', 'phone': '13176876632', 'piecewise_agent_fee': {'tips': '配送费约￥5'}, 'promotion_info': '', 'rating': 6.0, 'rating_count': 200, 'recent_order_num': 100, 'status': 1, 'supports': [{'name': '外卖保', 'description': '已加入“外卖保”计划，食品安全有保障', 'id': 7, 'icon_color': '999999', 'icon_name': '保'}, {'name': '准时达', 'description': '准时必达，超时秒赔', 'id': 9, 'icon_color': '57A9FF', 'icon_name': '准'}, {'name': '开发票', 'description': '该商家支持开发票，请在下单时填写好发票抬头', 'id': 4, 'icon_color': '999999', 'icon_name': '票'}]}], 'size': 20, 'sort': '', 'total': 1}, 'flag': '松勤教育', 'msg': '成功', 'success': False},
    响应状态码:200

2024-07-26 19:46:43,baseAPI(line:83),INFO|业务模块名:Food,接口名:addcategory,
    请求的url:http://42.192.62.8:8082/shopping/addcategory/,
    请求的方法:POST,
    请求体数据:restaurant_id=aaaaa,
    响应数据:{'timestamp': '2024-07-26 19:46:49', 'status': 400, 'error': 'Bad Request', 'errors': [{'arguments': [{'arguments': '', 'code': 'restaurant_id', 'codes': ['menu.restaurant_id', 'restaurant_id'], 'defaultMessage': 'restaurant_id'}], 'bindingFailure': True, 'code': 'typeMismatch', 'codes': ['typeMismatch.menu.restaurant_id', 'typeMismatch.restaurant_id', 'typeMismatch.java.lang.Long', 'typeMismatch'], 'defaultMessage': 'Failed to convert property value of type \'java.lang.String\' to required type \'java.lang.Long\' for property \'restaurant_id\'; nested exception is java.lang.NumberFormatException: For input string: "aaaaa"', 'field': 'restaurant_id', 'objectName': 'menu', 'rejectedValue': 'aaaaa'}], 'message': "Validation failed for object='menu'. Error count: 1", 'path': '/shopping/addcategory/'},
    响应状态码:400

2024-07-26 19:46:43,apiAssert(line:54),INFO|添加食品种类接口:断言类型:==,断言结果是:True,预期的结果:Bad Request,实际的结果:Bad Request
2024-07-26 19:46:43,baseAPI(line:83),INFO|业务模块名:Shop,接口名:query,
    请求的url:http://42.192.62.8:8082/shopping/myShop/?page=1&limit=20,
    请求的方法:GET,
    请求体数据:None,
    响应数据:{'code': 20000, 'data': {'current': 1, 'pages': 1, 'records': [{'_id': '63db1743b202a8000148b0de', 'activities': [{'icon_name': '减', 'name': '满减优惠', 'description': '满30减5，满60减8', 'icon_color': 'f07373', 'id': 0}], 'address': '上海市静安区秣陵路303号', 'category': '快餐便当/简餐', 'delivery_mode': {'id': 1, 'text': '蜂鸟专送', 'is_solid': True, 'color': '57A9FF'}, 'description': '满30减5，满60减8', 'distance': '', 'float_delivery_fee': '5', 'float_minimum_order_amount': '20', 'id': '15169', 'identification': {'identificate_agency': '', 'licenses_number': '', 'company_name': '', 'registered_address': '', 'licenses_scope': '', 'registered_number': '', 'legal_person': '', 'licenses_date': '', 'operation_period': '', 'identificate_date': ''}, 'image_path': '932b8ee4-3aa9-47f8-86fb-83f05f4dcb67.png', 'is_new': True, 'is_premium': 'true', 'latitude': 31.22114, 'license': {}, 'location': [121.54409, 31.22114], 'longitude': 121.54409, 'name': '星巴克新建店', 'opening_hours': ['08:30/20:30'], 'order_lead_time': '30分钟', 'phone': '13176876632', 'piecewise_agent_fee': {'tips': '配送费约￥5'}, 'promotion_info': '', 'rating': 6.0, 'rating_count': 200, 'recent_order_num': 100, 'status': 1, 'supports': [{'name': '外卖保', 'description': '已加入“外卖保”计划，食品安全有保障', 'id': 7, 'icon_color': '999999', 'icon_name': '保'}, {'name': '准时达', 'description': '准时必达，超时秒赔', 'id': 9, 'icon_color': '57A9FF', 'icon_name': '准'}, {'name': '开发票', 'description': '该商家支持开发票，请在下单时填写好发票抬头', 'id': 4, 'icon_color': '999999', 'icon_name': '票'}]}], 'size': 20, 'sort': '', 'total': 1}, 'flag': '松勤教育', 'msg': '成功', 'success': False},
    响应状态码:200

2024-07-26 19:46:43,baseAPI(line:83),INFO|业务模块名:Food,接口名:addcategory,
    请求的url:http://42.192.62.8:8082/shopping/addcategory/,
    请求的方法:POST,
    请求体数据:restaurant_id=%E4%BD%A0%E5%A5%BD,
    响应数据:{'timestamp': '2024-07-26 19:46:49', 'status': 400, 'error': 'Bad Request', 'errors': [{'arguments': [{'arguments': '', 'code': 'restaurant_id', 'codes': ['menu.restaurant_id', 'restaurant_id'], 'defaultMessage': 'restaurant_id'}], 'bindingFailure': True, 'code': 'typeMismatch', 'codes': ['typeMismatch.menu.restaurant_id', 'typeMismatch.restaurant_id', 'typeMismatch.java.lang.Long', 'typeMismatch'], 'defaultMessage': 'Failed to convert property value of type \'java.lang.String\' to required type \'java.lang.Long\' for property \'restaurant_id\'; nested exception is java.lang.NumberFormatException: For input string: "你好"', 'field': 'restaurant_id', 'objectName': 'menu', 'rejectedValue': '你好'}], 'message': "Validation failed for object='menu'. Error count: 1", 'path': '/shopping/addcategory/'},
    响应状态码:400

2024-07-26 19:46:43,apiAssert(line:54),INFO|添加食品种类接口:断言类型:==,断言结果是:True,预期的结果:Bad Request,实际的结果:Bad Request
2024-07-26 19:46:43,baseAPI(line:83),INFO|业务模块名:Shop,接口名:query,
    请求的url:http://42.192.62.8:8082/shopping/myShop/?page=1&limit=20,
    请求的方法:GET,
    请求体数据:None,
    响应数据:{'code': 20000, 'data': {'current': 1, 'pages': 1, 'records': [{'_id': '63db1743b202a8000148b0de', 'activities': [{'icon_name': '减', 'name': '满减优惠', 'description': '满30减5，满60减8', 'icon_color': 'f07373', 'id': 0}], 'address': '上海市静安区秣陵路303号', 'category': '快餐便当/简餐', 'delivery_mode': {'id': 1, 'text': '蜂鸟专送', 'is_solid': True, 'color': '57A9FF'}, 'description': '满30减5，满60减8', 'distance': '', 'float_delivery_fee': '5', 'float_minimum_order_amount': '20', 'id': '15169', 'identification': {'identificate_agency': '', 'licenses_number': '', 'company_name': '', 'registered_address': '', 'licenses_scope': '', 'registered_number': '', 'legal_person': '', 'licenses_date': '', 'operation_period': '', 'identificate_date': ''}, 'image_path': '932b8ee4-3aa9-47f8-86fb-83f05f4dcb67.png', 'is_new': True, 'is_premium': 'true', 'latitude': 31.22114, 'license': {}, 'location': [121.54409, 31.22114], 'longitude': 121.54409, 'name': '星巴克新建店', 'opening_hours': ['08:30/20:30'], 'order_lead_time': '30分钟', 'phone': '13176876632', 'piecewise_agent_fee': {'tips': '配送费约￥5'}, 'promotion_info': '', 'rating': 6.0, 'rating_count': 200, 'recent_order_num': 100, 'status': 1, 'supports': [{'name': '外卖保', 'description': '已加入“外卖保”计划，食品安全有保障', 'id': 7, 'icon_color': '999999', 'icon_name': '保'}, {'name': '准时达', 'description': '准时必达，超时秒赔', 'id': 9, 'icon_color': '57A9FF', 'icon_name': '准'}, {'name': '开发票', 'description': '该商家支持开发票，请在下单时填写好发票抬头', 'id': 4, 'icon_color': '999999', 'icon_name': '票'}]}], 'size': 20, 'sort': '', 'total': 1}, 'flag': '松勤教育', 'msg': '成功', 'success': False},
    响应状态码:200

2024-07-26 19:46:43,baseAPI(line:83),INFO|业务模块名:Food,接口名:addcategory,
    请求的url:http://42.192.62.8:8082/shopping/addcategory/,
    请求的方法:POST,
    请求体数据:restaurant_id=,
    响应数据:{'code': 20000, 'data': '', 'flag': '松勤教育', 'msg': '成功', 'success': False},
    响应状态码:200

2024-07-26 19:46:43,apiAssert(line:54),INFO|添加食品种类接口:断言类型:==,断言结果是:True,预期的结果:20000,实际的结果:20000
2024-07-26 19:46:43,baseAPI(line:83),INFO|业务模块名:Shop,接口名:query,
    请求的url:http://42.192.62.8:8082/shopping/myShop/?page=1&limit=20,
    请求的方法:GET,
    请求体数据:None,
    响应数据:{'code': 20000, 'data': {'current': 1, 'pages': 1, 'records': [{'_id': '63db1743b202a8000148b0de', 'activities': [{'icon_name': '减', 'name': '满减优惠', 'description': '满30减5，满60减8', 'icon_color': 'f07373', 'id': 0}], 'address': '上海市静安区秣陵路303号', 'category': '快餐便当/简餐', 'delivery_mode': {'id': 1, 'text': '蜂鸟专送', 'is_solid': True, 'color': '57A9FF'}, 'description': '满30减5，满60减8', 'distance': '', 'float_delivery_fee': '5', 'float_minimum_order_amount': '20', 'id': '15169', 'identification': {'identificate_agency': '', 'licenses_number': '', 'company_name': '', 'registered_address': '', 'licenses_scope': '', 'registered_number': '', 'legal_person': '', 'licenses_date': '', 'operation_period': '', 'identificate_date': ''}, 'image_path': '932b8ee4-3aa9-47f8-86fb-83f05f4dcb67.png', 'is_new': True, 'is_premium': 'true', 'latitude': 31.22114, 'license': {}, 'location': [121.54409, 31.22114], 'longitude': 121.54409, 'name': '星巴克新建店', 'opening_hours': ['08:30/20:30'], 'order_lead_time': '30分钟', 'phone': '13176876632', 'piecewise_agent_fee': {'tips': '配送费约￥5'}, 'promotion_info': '', 'rating': 6.0, 'rating_count': 200, 'recent_order_num': 100, 'status': 1, 'supports': [{'name': '外卖保', 'description': '已加入“外卖保”计划，食品安全有保障', 'id': 7, 'icon_color': '999999', 'icon_name': '保'}, {'name': '准时达', 'description': '准时必达，超时秒赔', 'id': 9, 'icon_color': '57A9FF', 'icon_name': '准'}, {'name': '开发票', 'description': '该商家支持开发票，请在下单时填写好发票抬头', 'id': 4, 'icon_color': '999999', 'icon_name': '票'}]}], 'size': 20, 'sort': '', 'total': 1}, 'flag': '松勤教育', 'msg': '成功', 'success': False},
    响应状态码:200

2024-07-26 19:46:44,baseAPI(line:83),INFO|业务模块名:Food,接口名:addcategory,
    请求的url:http://42.192.62.8:8082/shopping/addcategory/,
    请求的方法:POST,
    请求体数据:restaurant_id=123as,
    响应数据:{'timestamp': '2024-07-26 19:46:49', 'status': 400, 'error': 'Bad Request', 'errors': [{'arguments': [{'arguments': '', 'code': 'restaurant_id', 'codes': ['menu.restaurant_id', 'restaurant_id'], 'defaultMessage': 'restaurant_id'}], 'bindingFailure': True, 'code': 'typeMismatch', 'codes': ['typeMismatch.menu.restaurant_id', 'typeMismatch.restaurant_id', 'typeMismatch.java.lang.Long', 'typeMismatch'], 'defaultMessage': 'Failed to convert property value of type \'java.lang.String\' to required type \'java.lang.Long\' for property \'restaurant_id\'; nested exception is java.lang.NumberFormatException: For input string: "123as"', 'field': 'restaurant_id', 'objectName': 'menu', 'rejectedValue': '123as'}], 'message': "Validation failed for object='menu'. Error count: 1", 'path': '/shopping/addcategory/'},
    响应状态码:400

2024-07-26 19:46:44,apiAssert(line:54),INFO|添加食品种类接口:断言类型:==,断言结果是:True,预期的结果:Bad Request,实际的结果:Bad Request
2024-07-26 19:46:44,baseAPI(line:83),INFO|业务模块名:Shop,接口名:query,
    请求的url:http://42.192.62.8:8082/shopping/myShop/?page=1&limit=20,
    请求的方法:GET,
    请求体数据:None,
    响应数据:{'code': 20000, 'data': {'current': 1, 'pages': 1, 'records': [{'_id': '63db1743b202a8000148b0de', 'activities': [{'icon_name': '减', 'name': '满减优惠', 'description': '满30减5，满60减8', 'icon_color': 'f07373', 'id': 0}], 'address': '上海市静安区秣陵路303号', 'category': '快餐便当/简餐', 'delivery_mode': {'id': 1, 'text': '蜂鸟专送', 'is_solid': True, 'color': '57A9FF'}, 'description': '满30减5，满60减8', 'distance': '', 'float_delivery_fee': '5', 'float_minimum_order_amount': '20', 'id': '15169', 'identification': {'identificate_agency': '', 'licenses_number': '', 'company_name': '', 'registered_address': '', 'licenses_scope': '', 'registered_number': '', 'legal_person': '', 'licenses_date': '', 'operation_period': '', 'identificate_date': ''}, 'image_path': '932b8ee4-3aa9-47f8-86fb-83f05f4dcb67.png', 'is_new': True, 'is_premium': 'true', 'latitude': 31.22114, 'license': {}, 'location': [121.54409, 31.22114], 'longitude': 121.54409, 'name': '星巴克新建店', 'opening_hours': ['08:30/20:30'], 'order_lead_time': '30分钟', 'phone': '13176876632', 'piecewise_agent_fee': {'tips': '配送费约￥5'}, 'promotion_info': '', 'rating': 6.0, 'rating_count': 200, 'recent_order_num': 100, 'status': 1, 'supports': [{'name': '外卖保', 'description': '已加入“外卖保”计划，食品安全有保障', 'id': 7, 'icon_color': '999999', 'icon_name': '保'}, {'name': '准时达', 'description': '准时必达，超时秒赔', 'id': 9, 'icon_color': '57A9FF', 'icon_name': '准'}, {'name': '开发票', 'description': '该商家支持开发票，请在下单时填写好发票抬头', 'id': 4, 'icon_color': '999999', 'icon_name': '票'}]}], 'size': 20, 'sort': '', 'total': 1}, 'flag': '松勤教育', 'msg': '成功', 'success': False},
    响应状态码:200

2024-07-26 19:46:44,baseAPI(line:83),INFO|业务模块名:Food,接口名:addcategory,
    请求的url:http://42.192.62.8:8082/shopping/addcategory/,
    请求的方法:POST,
    请求体数据:restaurant_id=123%E4%BD%A0,
    响应数据:{'timestamp': '2024-07-26 19:46:50', 'status': 400, 'error': 'Bad Request', 'errors': [{'arguments': [{'arguments': '', 'code': 'restaurant_id', 'codes': ['menu.restaurant_id', 'restaurant_id'], 'defaultMessage': 'restaurant_id'}], 'bindingFailure': True, 'code': 'typeMismatch', 'codes': ['typeMismatch.menu.restaurant_id', 'typeMismatch.restaurant_id', 'typeMismatch.java.lang.Long', 'typeMismatch'], 'defaultMessage': 'Failed to convert property value of type \'java.lang.String\' to required type \'java.lang.Long\' for property \'restaurant_id\'; nested exception is java.lang.NumberFormatException: For input string: "123你"', 'field': 'restaurant_id', 'objectName': 'menu', 'rejectedValue': '123你'}], 'message': "Validation failed for object='menu'. Error count: 1", 'path': '/shopping/addcategory/'},
    响应状态码:400

2024-07-26 19:46:44,apiAssert(line:54),INFO|添加食品种类接口:断言类型:==,断言结果是:True,预期的结果:Bad Request,实际的结果:Bad Request
2024-07-26 19:46:44,baseAPI(line:83),INFO|业务模块名:Shop,接口名:query,
    请求的url:http://42.192.62.8:8082/shopping/myShop/?page=1&limit=20,
    请求的方法:GET,
    请求体数据:None,
    响应数据:{'code': 20000, 'data': {'current': 1, 'pages': 1, 'records': [{'_id': '63db1743b202a8000148b0de', 'activities': [{'icon_name': '减', 'name': '满减优惠', 'description': '满30减5，满60减8', 'icon_color': 'f07373', 'id': 0}], 'address': '上海市静安区秣陵路303号', 'category': '快餐便当/简餐', 'delivery_mode': {'id': 1, 'text': '蜂鸟专送', 'is_solid': True, 'color': '57A9FF'}, 'description': '满30减5，满60减8', 'distance': '', 'float_delivery_fee': '5', 'float_minimum_order_amount': '20', 'id': '15169', 'identification': {'identificate_agency': '', 'licenses_number': '', 'company_name': '', 'registered_address': '', 'licenses_scope': '', 'registered_number': '', 'legal_person': '', 'licenses_date': '', 'operation_period': '', 'identificate_date': ''}, 'image_path': '932b8ee4-3aa9-47f8-86fb-83f05f4dcb67.png', 'is_new': True, 'is_premium': 'true', 'latitude': 31.22114, 'license': {}, 'location': [121.54409, 31.22114], 'longitude': 121.54409, 'name': '星巴克新建店', 'opening_hours': ['08:30/20:30'], 'order_lead_time': '30分钟', 'phone': '13176876632', 'piecewise_agent_fee': {'tips': '配送费约￥5'}, 'promotion_info': '', 'rating': 6.0, 'rating_count': 200, 'recent_order_num': 100, 'status': 1, 'supports': [{'name': '外卖保', 'description': '已加入“外卖保”计划，食品安全有保障', 'id': 7, 'icon_color': '999999', 'icon_name': '保'}, {'name': '准时达', 'description': '准时必达，超时秒赔', 'id': 9, 'icon_color': '57A9FF', 'icon_name': '准'}, {'name': '开发票', 'description': '该商家支持开发票，请在下单时填写好发票抬头', 'id': 4, 'icon_color': '999999', 'icon_name': '票'}]}], 'size': 20, 'sort': '', 'total': 1}, 'flag': '松勤教育', 'msg': '成功', 'success': False},
    响应状态码:200

2024-07-26 19:46:44,baseAPI(line:83),INFO|业务模块名:Food,接口名:addcategory,
    请求的url:http://42.192.62.8:8082/shopping/addcategory/,
    请求的方法:POST,
    请求体数据:restaurant_id=8330&name=%E6%B5%8B%E8%AF%95%E7%A7%8D%E7%B1%BB%E6%B7%BB%E5%8A%A0,
    响应数据:{'code': 20000, 'data': '', 'flag': '松勤教育', 'msg': '成功', 'success': False},
    响应状态码:200

2024-07-26 19:46:44,apiAssert(line:54),INFO|添加食品种类接口:断言类型:==,断言结果是:True,预期的结果:20000,实际的结果:20000
2024-07-26 19:46:44,baseAPI(line:83),INFO|业务模块名:Shop,接口名:query,
    请求的url:http://42.192.62.8:8082/shopping/myShop/?page=1&limit=20,
    请求的方法:GET,
    请求体数据:None,
    响应数据:{'code': 20000, 'data': {'current': 1, 'pages': 1, 'records': [{'_id': '63db1743b202a8000148b0de', 'activities': [{'icon_name': '减', 'name': '满减优惠', 'description': '满30减5，满60减8', 'icon_color': 'f07373', 'id': 0}], 'address': '上海市静安区秣陵路303号', 'category': '快餐便当/简餐', 'delivery_mode': {'id': 1, 'text': '蜂鸟专送', 'is_solid': True, 'color': '57A9FF'}, 'description': '满30减5，满60减8', 'distance': '', 'float_delivery_fee': '5', 'float_minimum_order_amount': '20', 'id': '15169', 'identification': {'identificate_agency': '', 'licenses_number': '', 'company_name': '', 'registered_address': '', 'licenses_scope': '', 'registered_number': '', 'legal_person': '', 'licenses_date': '', 'operation_period': '', 'identificate_date': ''}, 'image_path': '932b8ee4-3aa9-47f8-86fb-83f05f4dcb67.png', 'is_new': True, 'is_premium': 'true', 'latitude': 31.22114, 'license': {}, 'location': [121.54409, 31.22114], 'longitude': 121.54409, 'name': '星巴克新建店', 'opening_hours': ['08:30/20:30'], 'order_lead_time': '30分钟', 'phone': '13176876632', 'piecewise_agent_fee': {'tips': '配送费约￥5'}, 'promotion_info': '', 'rating': 6.0, 'rating_count': 200, 'recent_order_num': 100, 'status': 1, 'supports': [{'name': '外卖保', 'description': '已加入“外卖保”计划，食品安全有保障', 'id': 7, 'icon_color': '999999', 'icon_name': '保'}, {'name': '准时达', 'description': '准时必达，超时秒赔', 'id': 9, 'icon_color': '57A9FF', 'icon_name': '准'}, {'name': '开发票', 'description': '该商家支持开发票，请在下单时填写好发票抬头', 'id': 4, 'icon_color': '999999', 'icon_name': '票'}]}], 'size': 20, 'sort': '', 'total': 1}, 'flag': '松勤教育', 'msg': '成功', 'success': False},
    响应状态码:200

2024-07-26 19:46:44,baseAPI(line:83),INFO|业务模块名:Food,接口名:addcategory,
    请求的url:http://42.192.62.8:8082/shopping/addcategory/,
    请求的方法:POST,
    请求体数据:restaurant_id=8330&name=%E6%B5%8B%E8%AF%95%E7%A7%8D%E7%B1%BB%E6%B7%BB2&description=%E6%97%BA%E4%BB%94%E7%89%9B%E5%A5%B6,
    响应数据:{'code': 20000, 'data': '', 'flag': '松勤教育', 'msg': '成功', 'success': False},
    响应状态码:200

2024-07-26 19:46:44,apiAssert(line:54),INFO|添加食品种类接口:断言类型:==,断言结果是:True,预期的结果:20000,实际的结果:20000
2024-07-26 19:46:44,baseAPI(line:83),INFO|业务模块名:Food,接口名:addfood,
    请求的url:http://42.192.62.8:8082/shopping/addmyfood/,
    请求的方法:POST,
    请求体数据:name=%E8%96%AF%E6%9D%A11&descript=&idShop=12679&category_id=81190&image_path=&activity=&attributesJson=%5B%22%E6%8B%9B%E7%89%8C%22%5D&specsJson=%5B%7B%22specs%22%3A+%22%E9%BB%98%E8%AE%A4%22%2C+%22packing_fee%22%3A+2%2C+%22price%22%3A+14%7D%5D,
    响应数据:{'code': 20000, 'data': '', 'flag': '松勤教育', 'msg': '成功', 'success': False},
    响应状态码:200

2024-07-26 19:46:44,apiAssert(line:54),INFO|添加食品接口:断言类型:==,断言结果是:True,预期的结果:20000,实际的结果:20000
2024-07-26 19:46:44,baseAPI(line:83),INFO|业务模块名:Food,接口名:addfood,
    请求的url:http://42.192.62.8:8082/shopping/addmyfood/,
    请求的方法:POST,
    请求体数据:name=%E7%82%B8%E9%B8%A1&idShop=6938&category_id=11111111111&attributesJson=%5B%22%E6%96%B0%22%5D&specsJson=%5B%7B%22specs%22%3A+%22%E9%BB%98%E8%AE%A4%22%2C+%22packing_fee%22%3A+0%2C+%22price%22%3A+20%7D%5D,
    响应数据:{'code': 20000, 'data': '', 'flag': '松勤教育', 'msg': '成功', 'success': False},
    响应状态码:200

2024-07-26 19:46:44,apiAssert(line:54),INFO|添加食品接口:断言类型:==,断言结果是:True,预期的结果:20000,实际的结果:20000
2024-07-26 19:46:44,baseAPI(line:83),INFO|业务模块名:Food,接口名:addfood,
    请求的url:http://42.192.62.8:8082/shopping/addmyfood/,
    请求的方法:POST,
    请求体数据:name=%E7%82%B8%E9%B8%A1&idShop=3269&category_id=3209&attributesJson=%5B%22%E6%96%B0%22%5D&specsJson=%5B%7B%22specs%22%3A+%22%E9%BB%98%E8%AE%A4%22%2C+%22packing_fee%22%3A+0%2C+%22price%22%3A+20%7D%5D&description=%E7%BE%8E%E5%91%B3&image_path=1d63ed5a-0975-4aa5-9f32-5ce666ea196b.png&Activity=%E6%BB%A1%E4%B8%89%E7%99%BE%E5%87%8F%E4%B8%A4%E7%99%BE,
    响应数据:{'code': 20000, 'data': '', 'flag': '松勤教育', 'msg': '成功', 'success': False},
    响应状态码:200

2024-07-26 19:46:44,apiAssert(line:54),INFO|添加食品接口:断言类型:==,断言结果是:True,预期的结果:20000,实际的结果:20000
2024-07-26 19:46:45,baseAPI(line:83),INFO|业务模块名:Food,接口名:query,
    请求的url:http://42.192.62.8:8082/shopping/v2/myFoods/?page=1&limit=1,
    请求的方法:GET,
    请求体数据:None,
    响应数据:{'code': 20000, 'data': {'current': 1, 'pages': 0, 'records': [], 'size': 1, 'sort': '', 'total': 0}, 'flag': '松勤教育', 'msg': '成功', 'success': False},
    响应状态码:200

2024-07-26 19:46:45,apiAssert(line:54),INFO|列出食品接口:断言类型:==,断言结果是:True,预期的结果:20000,实际的结果:20000
2024-07-26 19:46:45,baseAPI(line:83),INFO|业务模块名:Food,接口名:query,
    请求的url:http://42.192.62.8:8082/shopping/v2/myFoods/?page=&limit=1,
    请求的方法:GET,
    请求体数据:None,
    响应数据:{'code': 20000, 'data': {'current': 1, 'pages': 0, 'records': [], 'size': 1, 'sort': '', 'total': 0}, 'flag': '松勤教育', 'msg': '成功', 'success': False},
    响应状态码:200

2024-07-26 19:46:45,apiAssert(line:54),INFO|列出食品接口:断言类型:==,断言结果是:True,预期的结果:20000,实际的结果:20000
2024-07-26 19:46:45,baseAPI(line:83),INFO|业务模块名:Food,接口名:query,
    请求的url:http://42.192.62.8:8082/shopping/v2/myFoods/?page=1&limit=,
    请求的方法:GET,
    请求体数据:None,
    响应数据:{'timestamp': '2024-07-26 19:46:51', 'status': 500, 'error': 'Internal Server Error', 'message': 'For input string: ""', 'path': '/shopping/v2/myFoods/'},
    响应状态码:500

2024-07-26 19:46:45,apiAssert(line:54),INFO|列出食品接口:断言类型:==,断言结果是:True,预期的结果:Internal Server Error,实际的结果:Internal Server Error
2024-07-26 19:46:45,baseAPI(line:83),INFO|业务模块名:Food,接口名:update,
    请求的url:http://42.192.62.8:8082/shopping/v2/updatemyfood/,
    请求的方法:POST,
    请求体数据:id=42280&idMenu=81190&idShop=12679&name=%E8%92%99%E7%89%9B&specsJson=%5B%7B%22specs%22%3A+%22%E9%BB%98%E8%AE%A4%22%2C+%22packing_fee%22%3A+0%2C+%22price%22%3A+20%7D%5D,
    响应数据:{'code': 20000, 'data': '', 'flag': '松勤教育', 'msg': '成功', 'success': False},
    响应状态码:200

2024-07-26 19:46:45,apiAssert(line:54),INFO|编辑食品接口:断言类型:==,断言结果是:True,预期的结果:20000,实际的结果:20000
2024-07-26 19:46:45,baseAPI(line:83),INFO|业务模块名:Food,接口名:update,
    请求的url:http://42.192.62.8:8082/shopping/v2/updatemyfood/,
    请求的方法:POST,
    请求体数据:id=23232323&idMenu=81190&idShop=12679&name=%E4%BC%8A%E5%88%A9&specsJson=%5B%7B%22specs%22%3A+%22%E9%BB%98%E8%AE%A4%22%2C+%22packing_fee%22%3A+0%2C+%22price%22%3A+20%7D%5D,
    响应数据:{'timestamp': '2024-07-26 19:46:51', 'status': 500, 'error': 'Internal Server Error', 'message': 'No message available', 'path': '/shopping/v2/updatemyfood/'},
    响应状态码:500

2024-07-26 19:46:45,apiAssert(line:54),INFO|编辑食品接口:断言类型:==,断言结果是:True,预期的结果:Internal Server Error,实际的结果:Internal Server Error
2024-07-26 19:46:45,baseAPI(line:83),INFO|业务模块名:Food,接口名:update,
    请求的url:http://42.192.62.8:8082/shopping/v2/updatemyfood/,
    请求的方法:POST,
    请求体数据:id=42280&idMenu=81190&idShop=693833333333&name=%E8%92%99%E7%89%9B&specsJson=%5B%7B%22specs%22%3A+%22%E9%BB%98%E8%AE%A4%22%2C+%22packing_fee%22%3A+0%2C+%22price%22%3A+20%7D%5D,
    响应数据:{'code': 20000, 'data': '', 'flag': '松勤教育', 'msg': '成功', 'success': False},
    响应状态码:200

2024-07-26 19:46:45,apiAssert(line:54),INFO|编辑食品接口:断言类型:==,断言结果是:True,预期的结果:20000,实际的结果:20000
2024-07-26 19:46:45,baseAPI(line:83),INFO|业务模块名:Food,接口名:update,
    请求的url:http://42.192.62.8:8082/shopping/v2/updatemyfood/,
    请求的方法:POST,
    请求体数据:id=42280&idMenu=81190&idShop=12679&name=%E8%92%99%E7%89%9B&specsJson=%5B%7B%22specs%22%3A+%22%E9%BB%98%E8%AE%A4%22%2C+%22packing_fee%22%3A+0%2C+%22price%22%3A+20%7D%5D&descript=%E5%A4%AA%E5%A5%BD%E5%90%83%E4%BA%86&imagePath=e0604cf0-4939-469d-8975-238a59041235.jfif,
    响应数据:{'code': 20000, 'data': '', 'flag': '松勤教育', 'msg': '成功', 'success': False},
    响应状态码:200

2024-07-26 19:46:45,apiAssert(line:54),INFO|编辑食品接口:断言类型:==,断言结果是:True,预期的结果:20000,实际的结果:20000
2024-07-26 19:46:46,baseAPI(line:83),INFO|业务模块名:Food,接口名:query,
    请求的url:http://42.192.62.8:8082/shopping/v2/myFoods/?page=1&limit=20,
    请求的方法:GET,
    请求体数据:None,
    响应数据:{'code': 20000, 'data': {'current': 1, 'pages': 0, 'records': [], 'size': 20, 'sort': '', 'total': 0}, 'flag': '松勤教育', 'msg': '成功', 'success': False},
    响应状态码:200

2024-07-26 19:46:46,baseAPI(line:83),INFO|业务模块名:Food,接口名:delete,
    请求的url:http://42.192.62.8:8082/shopping/v2/fooddel/7878787878,
    请求的方法:DELETE,
    请求体数据:None,
    响应数据:{'timestamp': '2024-07-26 19:46:51', 'status': 500, 'error': 'Internal Server Error', 'message': 'No message available', 'path': '/shopping/v2/fooddel/7878787878'},
    响应状态码:500

2024-07-26 19:46:46,apiAssert(line:54),INFO|编辑食品接口:断言类型:==,断言结果是:True,预期的结果:Internal Server Error,实际的结果:Internal Server Error
2024-07-26 19:46:46,baseAPI(line:83),INFO|业务模块名:Food,接口名:delete,
    请求的url:http://42.192.62.8:8082/shopping/v2/fooddel/aaa,
    请求的方法:DELETE,
    请求体数据:None,
    响应数据:{'timestamp': '2024-07-26 19:46:52', 'status': 400, 'error': 'Bad Request', 'message': 'Failed to convert value of type \'java.lang.String\' to required type \'java.lang.Long\'; nested exception is java.lang.NumberFormatException: For input string: "aaa"', 'path': '/shopping/v2/fooddel/aaa'},
    响应状态码:400

2024-07-26 19:46:46,apiAssert(line:54),INFO|编辑食品接口:断言类型:==,断言结果是:True,预期的结果:Bad Request,实际的结果:Bad Request
2024-07-26 19:46:46,baseAPI(line:83),INFO|业务模块名:Food,接口名:delete,
    请求的url:http://42.192.62.8:8082/shopping/v2/fooddel/%E5%A5%BD%E5%90%83,
    请求的方法:DELETE,
    请求体数据:None,
    响应数据:{'timestamp': '2024-07-26 19:46:52', 'status': 400, 'error': 'Bad Request', 'message': 'Failed to convert value of type \'java.lang.String\' to required type \'java.lang.Long\'; nested exception is java.lang.NumberFormatException: For input string: "好吃"', 'path': '/shopping/v2/fooddel/%E5%A5%BD%E5%90%83'},
    响应状态码:400

2024-07-26 19:46:46,apiAssert(line:54),INFO|编辑食品接口:断言类型:==,断言结果是:True,预期的结果:Bad Request,实际的结果:Bad Request
